0 info it worked if it ends with ok
1 verbose cli [ '/usr/local/Cellar/node/7.2.1/bin/node',
1 verbose cli   '/usr/local/bin/npm',
1 verbose cli   'publish' ]
2 info using npm@4.0.3
3 info using node@v7.2.1
4 verbose publish [ '.' ]
5 silly cache add args [ '.', null ]
6 verbose cache add spec .
7 silly cache add parsed spec Result {
7 silly cache add   raw: '.',
7 silly cache add   scope: null,
7 silly cache add   escapedName: null,
7 silly cache add   name: null,
7 silly cache add   rawSpec: '.',
7 silly cache add   spec: '/Users/jonamorado/git/React-Modal',
7 silly cache add   type: 'directory' }
8 verbose addLocalDirectory /Users/jonamorado/.npm/reactComponent/1.0.0/package.tgz not in flight; packing
9 verbose correctMkdir /Users/jonamorado/.npm correctMkdir not in flight; initializing
10 info lifecycle reactComponent@1.0.0~prepublish: reactComponent@1.0.0
11 silly lifecycle reactComponent@1.0.0~prepublish: no script for prepublish, continuing
12 info lifecycle reactComponent@1.0.0~prepare: reactComponent@1.0.0
13 silly lifecycle reactComponent@1.0.0~prepare: no script for prepare, continuing
14 verbose tar pack [ '/Users/jonamorado/.npm/reactComponent/1.0.0/package.tgz',
14 verbose tar pack   '/Users/jonamorado/git/React-Modal' ]
15 verbose tarball /Users/jonamorado/.npm/reactComponent/1.0.0/package.tgz
16 verbose folder /Users/jonamorado/git/React-Modal
17 verbose addLocalTarball adding from inside cache /Users/jonamorado/.npm/reactComponent/1.0.0/package.tgz
18 verbose correctMkdir /Users/jonamorado/.npm correctMkdir not in flight; initializing
19 silly cache afterAdd reactComponent@1.0.0
20 verbose afterAdd /Users/jonamorado/.npm/reactComponent/1.0.0/package/package.json not in flight; writing
21 verbose correctMkdir /Users/jonamorado/.npm correctMkdir not in flight; initializing
22 verbose afterAdd /Users/jonamorado/.npm/reactComponent/1.0.0/package/package.json written
23 silly publish { name: 'reactComponent',
23 silly publish   version: '1.0.0',
23 silly publish   description: 'Simple and minimlistic react modal, open to escalability and manipulation to be as flexible as desired',
23 silly publish   main: 'index.js',
23 silly publish   scripts: { test: 'echo "Error: no test specified" && exit 1' },
23 silly publish   author: { name: 'Jobarah' },
23 silly publish   license: 'ISC',
23 silly publish   devDependencies:
23 silly publish    { 'babel-core': '^6.21.0',
23 silly publish      'babel-eslint': '7.1.0',
23 silly publish      'babel-plugin-transform-runtime': '6.15.0',
23 silly publish      'babel-preset-es2015': '6.18.0',
23 silly publish      'babel-preset-react': '6.16.0',
23 silly publish      'babel-preset-stage-0': '6.16.0',
23 silly publish      'babel-preset-stage-3': '6.17.0',
23 silly publish      'babel-register': '6.18.0',
23 silly publish      babelify: '7.3.0',
23 silly publish      browserify: '^13.1.1',
23 silly publish      'browserify-shim': '3.8.10',
23 silly publish      'eslint-plugin-react': '6.6.0',
23 silly publish      glob: '7.1.1',
23 silly publish      gulp: '3.9.1',
23 silly publish      'gulp-browserify': '0.5.1',
23 silly publish      'gulp-combine-mq': '0.4.0',
23 silly publish      'gulp-concat': '2.6.0',
23 silly publish      'gulp-connect': '^5.0.0',
23 silly publish      'gulp-cssnano': '2.1.2',
23 silly publish      'gulp-eslint': '3.0.1',
23 silly publish      'gulp-jshint': '1.11.2',
23 silly publish      'gulp-ruby-sass': '2.0.6',
23 silly publish      'gulp-sass': '2.3.2',
23 silly publish      'gulp-sourcemaps': '2.2.0',
23 silly publish      'gulp-uglify': '2.0.0',
23 silly publish      'gulp-util': '3.0.7',
23 silly publish      jquery: '3.1.1',
23 silly publish      path: '0.12.7',
23 silly publish      react: '15.3.2',
23 silly publish      'react-dom': '15.3.2',
23 silly publish      shortid: '2.2.6',
23 silly publish      'vinyl-buffer': '1.0.0',
23 silly publish      'vinyl-source-stream': '1.1.0',
23 silly publish      watchify: '3.7.0' },
23 silly publish   dependencies: { JSONStream: '^1.3.0', react: '0.14.5', 'react-dom': '0.14.5' },
23 silly publish   readme: '# React-JModal\n\nSimple and minimlistic react modal, open to escalability and manipulation to be as flexible as desired\n',
23 silly publish   readmeFilename: 'README.md',
23 silly publish   gitHead: '0865c2e40a1648607d29120d5d4c1fe33ed9bddd',
23 silly publish   _id: 'reactComponent@1.0.0',
23 silly publish   _shasum: '7948901f65cb4fc0a6976a9c3e646e714fa7f60c',
23 silly publish   _from: '.' }
24 info lifecycle reactComponent@1.0.0~prepublishOnly: reactComponent@1.0.0
25 silly lifecycle reactComponent@1.0.0~prepublishOnly: no script for prepublishOnly, continuing
26 verbose getPublishConfig undefined
27 silly mapToRegistry name reactComponent
28 silly mapToRegistry using default registry
29 silly mapToRegistry registry https://registry.npmjs.org/
30 silly mapToRegistry data Result {
30 silly mapToRegistry   raw: 'reactComponent',
30 silly mapToRegistry   scope: null,
30 silly mapToRegistry   escapedName: 'reactComponent',
30 silly mapToRegistry   name: 'reactComponent',
30 silly mapToRegistry   rawSpec: '',
30 silly mapToRegistry   spec: 'latest',
30 silly mapToRegistry   type: 'tag' }
31 silly mapToRegistry uri https://registry.npmjs.org/reactComponent
32 verbose publish registryBase https://registry.npmjs.org/
33 silly publish uploading /Users/jonamorado/.npm/reactComponent/1.0.0/package.tgz
34 verbose request uri https://registry.npmjs.org/reactComponent
35 verbose request sending authorization for write operation
36 info attempt registry request try #1 at 2:07:54 PM
37 verbose request using bearer token for auth
38 verbose request id 8338911d0de7172c
39 http request PUT https://registry.npmjs.org/reactComponent
40 http 400 https://registry.npmjs.org/reactComponent
41 verbose headers { 'content-type': 'application/json',
41 verbose headers   'cache-control': 'max-age=300',
41 verbose headers   'content-length': '55',
41 verbose headers   'accept-ranges': 'bytes',
41 verbose headers   date: 'Tue, 27 Dec 2016 20:07:56 GMT',
41 verbose headers   via: '1.1 varnish',
41 verbose headers   connection: 'keep-alive',
41 verbose headers   'x-served-by': 'cache-atl6231-ATL',
41 verbose headers   'x-cache': 'MISS',
41 verbose headers   'x-cache-hits': '0',
41 verbose headers   'x-timer': 'S1482869275.100875,VS0,VE1888',
41 verbose headers   vary: 'Accept-Encoding' }
42 verbose request invalidating /Users/jonamorado/.npm/registry.npmjs.org/reactComponent on PUT
43 error publish Failed PUT 400
44 verbose stack Error: "name must be lower case" : reactComponent
44 verbose stack     at makeError (/usr/local/lib/node_modules/npm/node_modules/npm-registry-client/lib/request.js:302:12)
44 verbose stack     at CachingRegistryClient.<anonymous> (/usr/local/lib/node_modules/npm/node_modules/npm-registry-client/lib/request.js:290:14)
44 verbose stack     at Request._callback (/usr/local/lib/node_modules/npm/node_modules/npm-registry-client/lib/request.js:210:14)
44 verbose stack     at Request.self.callback (/usr/local/lib/node_modules/npm/node_modules/request/request.js:186:22)
44 verbose stack     at emitTwo (events.js:106:13)
44 verbose stack     at Request.emit (events.js:191:7)
44 verbose stack     at Request.<anonymous> (/usr/local/lib/node_modules/npm/node_modules/request/request.js:1081:10)
44 verbose stack     at emitOne (events.js:96:13)
44 verbose stack     at Request.emit (events.js:188:7)
44 verbose stack     at IncomingMessage.<anonymous> (/usr/local/lib/node_modules/npm/node_modules/request/request.js:1001:12)
45 verbose statusCode 400
46 verbose pkgid reactComponent
47 verbose cwd /Users/jonamorado/git/React-Modal
48 error Darwin 16.1.0
49 error argv "/usr/local/Cellar/node/7.2.1/bin/node" "/usr/local/bin/npm" "publish"
50 error node v7.2.1
51 error npm  v4.0.3
52 error code E400
53 error "name must be lower case" : reactComponent
54 error If you need help, you may report this error at:
54 error     <https://github.com/npm/npm/issues>
55 verbose exit [ 1, true ]
